C51 COMPILER V9.60.0.0   KEY                                                               01/16/2023 15:55:27 PAGE 1   


C51 COMPILER V9.60.0.0, COMPILATION OF MODULE KEY
OBJECT MODULE PLACED IN .\Objects\Key.obj
COMPILER INVOKED BY: D:\program\keil\C51\BIN\C51.EXE Key.c OPTIMIZE(8,SPEED) BROWSE DEBUG OBJECTEXTEND PRINT(.\Listings\
                    -Key.lst) OBJECT(.\Objects\Key.obj)

line level    source

   1          #include <STC15F2K60S2.H>
   2          #include "Delay.h"
   3          
   4          unsigned char Key()
   5          {
   6   1              unsigned char key_num=0;
   7   1              P30=1;P31=1;P32=1;P33=1;
   8   1              if(P30==0){Delay(15);while(P30==0);Delay(15);key_num=7;}
   9   1              if(P31==0){Delay(15);while(P31==0);Delay(15);key_num=6;}
  10   1              if(P32==0){Delay(15);while(P32==0);Delay(15);key_num=5;}
  11   1              if(P33==0){Delay(15);while(P33==0);Delay(15);key_num=4;}
  12   1              return key_num;
  13   1      }


MODULE INFORMATION:   STATIC OVERLAYABLE
   CODE SIZE        =    105    ----
   CONSTANT SIZE    =   ----    ----
   XDATA SIZE       =   ----    ----
   PDATA SIZE       =   ----    ----
   DATA SIZE        =   ----       1
   IDATA SIZE       =   ----    ----
   BIT SIZE         =   ----    ----
END OF MODULE INFORMATION.


C51 COMPILATION COMPLETE.  0 WARNING(S),  0 ERROR(S)
