C51 COMPILER V9.60.0.0   NE555N                                                            01/16/2023 15:55:27 PAGE 1   


C51 COMPILER V9.60.0.0, COMPILATION OF MODULE NE555N
OBJECT MODULE PLACED IN .\Objects\NE555N.obj
COMPILER INVOKED BY: D:\program\keil\C51\BIN\C51.EXE NE555N.c OPTIMIZE(8,SPEED) BROWSE DEBUG OBJECTEXTEND PRINT(.\Listin
                    -gs\NE555N.lst) OBJECT(.\Objects\NE555N.obj)

line level    source

   1          #include <STC15F2K60S2.H>
   2          
   3          unsigned char NE555N_Flag;
   4          unsigned long NE555N_Count;
   5          unsigned long NE555N()
   6          {
   7   1              static unsigned long frequency=5;
   8   1              if(NE555N_Flag)
   9   1              {
  10   2                      NE555N_Flag=0;
  11   2                      TR0=0;
  12   2                      frequency=NE555N_Count;
  13   2                      NE555N_Count=0;
  14   2                      TR0=1;
  15   2              }
  16   1              return frequency;
  17   1      }


MODULE INFORMATION:   STATIC OVERLAYABLE
   CODE SIZE        =     40    ----
   CONSTANT SIZE    =   ----    ----
   XDATA SIZE       =   ----    ----
   PDATA SIZE       =   ----    ----
   DATA SIZE        =      9    ----
   IDATA SIZE       =   ----    ----
   BIT SIZE         =   ----    ----
END OF MODULE INFORMATION.


C51 COMPILATION COMPLETE.  0 WARNING(S),  0 ERROR(S)
