C51 COMPILER V9.60.0.0   NIXIE                                                             01/16/2023 15:55:27 PAGE 1   


C51 COMPILER V9.60.0.0, COMPILATION OF MODULE NIXIE
OBJECT MODULE PLACED IN .\Objects\Nixie.obj
COMPILER INVOKED BY: D:\program\keil\C51\BIN\C51.EXE Nixie.c OPTIMIZE(8,SPEED) BROWSE DEBUG OBJECTEXTEND PRINT(.\Listing
                    -s\Nixie.lst) OBJECT(.\Objects\Nixie.obj)

line level    source

   1          #include <STC15F2K60S2.H>
   2          
   3          unsigned char code P_NixieTab[]={0xc0,0xf9,0xa4,0xb0,0x99,0x92,0x82,0xf8,0x80,0x90,0xff,0x7f,0x7f,0xc1,0x8
             -e};
   4          unsigned char NixieBuf[8]={10,10,10,10,10,10,10,10};
   5          unsigned char PoitLoc;
   6          
   7          void Nixie(unsigned char location,unsigned char show_num)
   8          {
   9   1              if(show_num==11)
  10   1              {
  11   2                      PoitLoc=location;
  12   2              }
  13   1              else if(show_num==12)
  14   1              {
  15   2                      PoitLoc=0;
  16   2              }
  17   1              else
  18   1              {
  19   2                      if(location==1){NixieBuf[location-1]=show_num;}
  20   2                      if(location==2){NixieBuf[location-1]=show_num;}
  21   2                      if(location==3){NixieBuf[location-1]=show_num;}
  22   2                      if(location==4){NixieBuf[location-1]=show_num;}
  23   2                      if(location==5){NixieBuf[location-1]=show_num;}
  24   2                      if(location==6){NixieBuf[location-1]=show_num;}
  25   2                      if(location==7){NixieBuf[location-1]=show_num;}
  26   2                      if(location==8){NixieBuf[location-1]=show_num;}
  27   2              }
  28   1      }
  29          
  30          void NixieScan()
  31          {
  32   1              static unsigned char i;
  33   1              i%=8;
  34   1              P2&=0x1f;
  35   1              P0=0x00;   //防止影响LED工作
  36   1              P2|=0xc0;
  37   1              if(i==0){P00=1;}
  38   1              if(i==1){P01=1;}
  39   1              if(i==2){P02=1;}
  40   1              if(i==3){P03=1;}
  41   1              if(i==4){P04=1;}
  42   1              if(i==5){P05=1;}
  43   1              if(i==6){P06=1;}
  44   1              if(i==7){P07=1;}
  45   1              P2&=0x1f;
  46   1              P2|=0xe0;
  47   1              if(i+1==PoitLoc)
  48   1              {
  49   2                      P0=P_NixieTab[NixieBuf[i]]&0x7f;
  50   2              }
  51   1              else
  52   1              {
  53   2                      P0=P_NixieTab[NixieBuf[i]];
C51 COMPILER V9.60.0.0   NIXIE                                                             01/16/2023 15:55:27 PAGE 2   

  54   2              }
  55   1              P2&=0x1f;
  56   1              P0=0xff;
  57   1              i++;
  58   1      }
  59          
  60          void NixieOff()
  61          {
  62   1              static unsigned char i;
  63   1              i%=8;
  64   1              P2&=0x1f;
  65   1              P0=0x00;   //防止影响LED工作
  66   1              P2|=0xc0;
  67   1              if(i==0){P00=1;}
  68   1              if(i==1){P01=1;}
  69   1              if(i==2){P02=1;}
  70   1              if(i==3){P03=1;}
  71   1              if(i==4){P04=1;}
  72   1              if(i==5){P05=1;}
  73   1              if(i==6){P06=1;}
  74   1              if(i==7){P07=1;}
  75   1              P2&=0x1f;
  76   1              P2|=0xe0;
  77   1              P0=0xff;
  78   1              P2&=0x1f;
  79   1              P0=0xff;
  80   1              i++;
  81   1      }


MODULE INFORMATION:   STATIC OVERLAYABLE
   CODE SIZE        =    351    ----
   CONSTANT SIZE    =     15    ----
   XDATA SIZE       =   ----    ----
   PDATA SIZE       =   ----    ----
   DATA SIZE        =     11    ----
   IDATA SIZE       =   ----    ----
   BIT SIZE         =   ----    ----
END OF MODULE INFORMATION.


C51 COMPILATION COMPLETE.  0 WARNING(S),  0 ERROR(S)
