C51 COMPILER V9.60.0.0   PCF8591                                                           01/16/2023 15:55:27 PAGE 1   


C51 COMPILER V9.60.0.0, COMPILATION OF MODULE PCF8591
OBJECT MODULE PLACED IN .\Objects\PCF8591.obj
COMPILER INVOKED BY: D:\program\keil\C51\BIN\C51.EXE PCF8591.c OPTIMIZE(8,SPEED) BROWSE DEBUG OBJECTEXTEND PRINT(.\Listi
                    -ngs\PCF8591.lst) OBJECT(.\Objects\PCF8591.obj)

line level    source

   1          #include <STC15F2K60S2.H>
   2          #include "iic.h"
   3          
   4          float PCF8591_AD(unsigned char channel)
   5          {
   6   1              float AD_data;
   7   1              unsigned char command,temp;
   8   1              if(channel==0){command=0x00;}
   9   1              if(channel==1){command=0x01;}
  10   1              if(channel==2){command=0x02;}
  11   1              if(channel==3){command=0x03;}
  12   1              IIC_Start();
  13   1              IIC_SendByte(0x90);
  14   1              IIC_WaitAck();
  15   1              IIC_SendByte(command);
  16   1              IIC_WaitAck();
  17   1              IIC_Start();
  18   1              IIC_SendByte(0x91);
  19   1              IIC_WaitAck();
  20   1              temp=IIC_RecByte();
  21   1              IIC_SendAck(0x01);
  22   1              IIC_Stop();
  23   1              AD_data=temp/255.0*5;
  24   1              return AD_data;
  25   1      }
  26          
  27          void PCF8591_DA(float DA_value)
  28          {
  29   1              unsigned char DA_data;
  30   1              DA_data=(unsigned char)(DA_value/5.0*255);
  31   1              IIC_Start();
  32   1              IIC_SendByte(0x90);
  33   1              IIC_WaitAck();
  34   1              IIC_SendByte(0x40);
  35   1              IIC_WaitAck();
  36   1              IIC_SendByte(DA_value);
  37   1              IIC_WaitAck();
  38   1              IIC_Stop();
  39   1      }


MODULE INFORMATION:   STATIC OVERLAYABLE
   CODE SIZE        =    176    ----
   CONSTANT SIZE    =   ----    ----
   XDATA SIZE       =   ----    ----
   PDATA SIZE       =   ----    ----
   DATA SIZE        =   ----       7
   IDATA SIZE       =   ----    ----
   BIT SIZE         =   ----    ----
END OF MODULE INFORMATION.


C51 COMPILATION COMPLETE.  0 WARNING(S),  0 ERROR(S)
